pygame 2.1.2 (SDL 2.0.16, Python 3.7.13)
Hello from the pygame community. https://www.pygame.org/contribute.html

 ****** Running generation 0 ****** 

-6615.134056091309
-8604.448448896408
136.16426062583923
-1927.2714171409607
-4538.578437566757
130.71545481681824
-122.52036094665527
131.5232810974121
136.2099106311798
157.02039074897766
136.19449400901794
135.91207575798035
156.07814049720764
136.4087860584259
125.36737537384033
-1581.8652398586273
120.61287212371826
131.5514953136444
103.23848223686218
-1356.7863085269928
Population's average fitness: -1150.48036 stdev: 2451.83634
Best fitness: 157.02039 - size: (8, 47) - species 5 - id 10
Average adjusted fitness: 0.836
Mean genetic distance 2.978, standard deviation 0.659
Population of 20 members in 10 species:
   ID   age  size  fitness  adj fit  stag
  ====  ===  ====  =======  =======  ====
     1    0     2  -6615.1    0.227     0
     2    0     2    136.2    0.600     0
     3    0     1    136.4    0.998     0
     4    0     2    135.9    0.880     0
     5    0     2    157.0    0.865     0
     6    0     1    131.5    0.996     0
     7    0     2   -122.5    0.968     0
     8    0     3    156.1    1.000     0
     9    0     3    120.6    0.996     0
    10    0     2  -1356.8    0.827     0
Total extinctions: 0
Generation time: 906.402 sec
Saving checkpoint to neat-checkpoint-0

 ****** Running generation 1 ****** 

-4519.14363861084
-6273.425944328308
-727.4929456710815
114.60118675231934
70.08941411972046
110.98735880851746
143.31760168075562
141.47177410125732
130.70739126205444
156.1628487110138
137.89965772628784
-2950.399477481842
136.16141176223755
-4691.135818719864
133.5178370475769
123.39238739013672
124.3937680721283
137.0702919960022
120.67223930358887
127.90199041366577
Population's average fitness: -862.66253 stdev: 1954.27530
Best fitness: 156.16285 - size: (8, 47) - species 6 - id 6
Average adjusted fitness: 0.854
Mean genetic distance 2.922, standard deviation 0.748
Population of 20 members in 10 species:
   ID   age  size  fitness  adj fit  stag
  ====  ===  ====  =======  =======  ====
     1    1     2  -4519.1    0.136     0
     2    1     2    136.2    0.997     1
     3    1     2    123.4    0.995     1
     4    1     2    137.9    0.757     0
     5    1     2    127.9    0.995     1
     6    1     3    156.2    1.000     0
     7    1     2    111.0    0.990     0
     8    1     1    137.1    0.996     1
     9    1     2    143.3    0.747     0
    10    1     2    114.6    0.928     0
Total extinctions: 0
Generation time: 808.421 sec (857.412 average)
Saving checkpoint to neat-checkpoint-1

Best genome:
Key: 6
Fitness: 156.1628487110138
Nodes:
	0 DefaultNodeGene(key=0, bias=3.373295412885483, response=1.0, activation=clamped, aggregation=sum)
	1 DefaultNodeGene(key=1, bias=5.082529928298796, response=1.0, activation=clamped, aggregation=sum)
	2 DefaultNodeGene(key=2, bias=2.3880348177647526, response=1.0, activation=clamped, aggregation=sum)
	28 DefaultNodeGene(key=28, bias=2.03229566225259, response=1.0, activation=clamped, aggregation=sum)
	29 DefaultNodeGene(key=29, bias=3.573920436173003, response=1.0, activation=clamped, aggregation=sum)
	30 DefaultNodeGene(key=30, bias=2.8195184497101393, response=1.0, activation=clamped, aggregation=sum)
	31 DefaultNodeGene(key=31, bias=2.222066823206255, response=1.0, activation=clamped, aggregation=sum)
	32 DefaultNodeGene(key=32, bias=3.0886991533953037, response=1.0, activation=clamped, aggregation=sum)
Connections:
	DefaultConnectionGene(key=(-4, 0), weight=-1.0757498908051697, enabled=True)
	DefaultConnectionGene(key=(-4, 1), weight=0.6796088648558165, enabled=True)
	DefaultConnectionGene(key=(-4, 2), weight=0.4722082665711055, enabled=True)
	DefaultConnectionGene(key=(-4, 28), weight=0.3299708662014549, enabled=True)
	DefaultConnectionGene(key=(-4, 29), weight=0.9549137124372636, enabled=True)
	DefaultConnectionGene(key=(-4, 30), weight=-0.7288319548318468, enabled=True)
	DefaultConnectionGene(key=(-4, 31), weight=-0.12169080254200623, enabled=True)
	DefaultConnectionGene(key=(-4, 32), weight=-0.731180429526292, enabled=True)
	DefaultConnectionGene(key=(-3, 0), weight=0.4283817907092149, enabled=True)
	DefaultConnectionGene(key=(-3, 1), weight=-0.9909883802564032, enabled=True)
	DefaultConnectionGene(key=(-3, 2), weight=1.2743684008573084, enabled=True)
	DefaultConnectionGene(key=(-3, 28), weight=-0.022488341674797113, enabled=True)
	DefaultConnectionGene(key=(-3, 29), weight=-1.4227278396034428, enabled=True)
	DefaultConnectionGene(key=(-3, 30), weight=-0.07604313388233115, enabled=True)
	DefaultConnectionGene(key=(-3, 31), weight=0.2814881105659233, enabled=True)
	DefaultConnectionGene(key=(-3, 32), weight=0.40249740136124185, enabled=True)
	DefaultConnectionGene(key=(-2, 0), weight=0.5785444842991267, enabled=True)
	DefaultConnectionGene(key=(-2, 1), weight=0.6153949187570884, enabled=True)
	DefaultConnectionGene(key=(-2, 2), weight=-0.6876617750843531, enabled=True)
	DefaultConnectionGene(key=(-2, 28), weight=1.104013732578211, enabled=True)
	DefaultConnectionGene(key=(-2, 29), weight=0.9227446715401048, enabled=True)
	DefaultConnectionGene(key=(-2, 30), weight=0.8917961390689236, enabled=True)
	DefaultConnectionGene(key=(-2, 31), weight=-0.7570750060626158, enabled=True)
	DefaultConnectionGene(key=(-2, 32), weight=0.5283382866080917, enabled=True)
	DefaultConnectionGene(key=(-1, 0), weight=0.6031940176315808, enabled=True)
	DefaultConnectionGene(key=(-1, 1), weight=-0.5838464940465159, enabled=True)
	DefaultConnectionGene(key=(-1, 2), weight=-1.791174007459864, enabled=True)
	DefaultConnectionGene(key=(-1, 28), weight=-1.435714295601591, enabled=True)
	DefaultConnectionGene(key=(-1, 29), weight=-2.2888118392800014, enabled=True)
	DefaultConnectionGene(key=(-1, 30), weight=-0.9250920936735785, enabled=True)
	DefaultConnectionGene(key=(-1, 31), weight=0.025242937727655804, enabled=True)
	DefaultConnectionGene(key=(-1, 32), weight=-1.896820238316103, enabled=True)
	DefaultConnectionGene(key=(28, 0), weight=1.0177849986127931, enabled=True)
	DefaultConnectionGene(key=(28, 1), weight=0.7052064055770306, enabled=True)
	DefaultConnectionGene(key=(28, 2), weight=-0.988883951085913, enabled=True)
	DefaultConnectionGene(key=(29, 0), weight=1.139783534743816, enabled=True)
	DefaultConnectionGene(key=(29, 1), weight=-0.21569426808609252, enabled=True)
	DefaultConnectionGene(key=(29, 2), weight=0.404894846855958, enabled=True)
	DefaultConnectionGene(key=(30, 0), weight=-0.15648719242403236, enabled=True)
	DefaultConnectionGene(key=(30, 1), weight=-0.620596396281818, enabled=True)
	DefaultConnectionGene(key=(30, 2), weight=-0.007442836495957566, enabled=True)
	DefaultConnectionGene(key=(31, 0), weight=-0.8610619560308278, enabled=True)
	DefaultConnectionGene(key=(31, 1), weight=-1.150356065702103, enabled=True)
	DefaultConnectionGene(key=(31, 2), weight=0.3104663108982047, enabled=True)
	DefaultConnectionGene(key=(32, 0), weight=-0.03686671692541204, enabled=True)
	DefaultConnectionGene(key=(32, 1), weight=0.893979046176816, enabled=True)
	DefaultConnectionGene(key=(32, 2), weight=-0.6966354288940368, enabled=True)
